<?xml version="1.0" encoding="UTF-8"?>
<testng-results total="2" passed="2" failed="0" skipped="0">
  <reporter-output>
  </reporter-output>
  <suite started-at="2024-01-09T08:07:34Z" name="Default suite" finished-at="2024-01-09T08:07:34Z" duration-ms="41">
    <groups>
    </groups>
    <test started-at="2024-01-09T08:07:34Z" name="Default test" finished-at="2024-01-09T08:07:34Z" duration-ms="41">
      <class name="TestNg_Framework.com_priority.annotation_1">
        <test-method is-config="true" signature="beforeSuite()[pri:0, instance:TestNg_Framework.com_priority.annotation_1@6bbe85a8]" started-at="2024-01-09T13:37:34Z" name="beforeSuite" finished-at="2024-01-09T13:37:34Z" duration-ms="9" status="PASS">
          <reporter-output>
          </reporter-output>
        </test-method> <!-- beforeSuite -->
        <test-method is-config="true" signature="beforeTest()[pri:0, instance:TestNg_Framework.com_priority.annotation_1@6bbe85a8]" started-at="2024-01-09T13:37:34Z" name="beforeTest" finished-at="2024-01-09T13:37:34Z" duration-ms="4" status="PASS">
          <reporter-output>
          </reporter-output>
        </test-method> <!-- beforeTest -->
        <test-method is-config="true" signature="beforeClass()[pri:0, instance:TestNg_Framework.com_priority.annotation_1@6bbe85a8]" started-at="2024-01-09T13:37:34Z" name="beforeClass" finished-at="2024-01-09T13:37:34Z" duration-ms="0" status="PASS">
          <reporter-output>
          </reporter-output>
        </test-method> <!-- beforeClass -->
        <test-method is-config="true" signature="beforeMethod()[pri:0, instance:TestNg_Framework.com_priority.annotation_1@6bbe85a8]" started-at="2024-01-09T13:37:34Z" name="beforeMethod" finished-at="2024-01-09T13:37:34Z" duration-ms="0" status="PASS">
          <reporter-output>
          </reporter-output>
        </test-method> <!-- beforeMethod -->
        <test-method signature="test1()[pri:0, instance:TestNg_Framework.com_priority.annotation_1@6bbe85a8]" started-at="2024-01-09T13:37:34Z" name="test1" finished-at="2024-01-09T13:37:34Z" duration-ms="11" status="PASS">
          <reporter-output>
          </reporter-output>
        </test-method> <!-- test1 -->
        <test-method is-config="true" signature="afterMethod()[pri:0, instance:TestNg_Framework.com_priority.annotation_1@6bbe85a8]" started-at="2024-01-09T13:37:34Z" name="afterMethod" finished-at="2024-01-09T13:37:34Z" duration-ms="1" status="PASS">
          <reporter-output>
          </reporter-output>
        </test-method> <!-- afterMethod -->
        <test-method is-config="true" signature="beforeMethod()[pri:0, instance:TestNg_Framework.com_priority.annotation_1@6bbe85a8]" started-at="2024-01-09T13:37:34Z" name="beforeMethod" finished-at="2024-01-09T13:37:34Z" duration-ms="1" status="PASS">
          <reporter-output>
          </reporter-output>
        </test-method> <!-- beforeMethod -->
        <test-method signature="test2()[pri:0, instance:TestNg_Framework.com_priority.annotation_1@6bbe85a8]" started-at="2024-01-09T13:37:34Z" name="test2" finished-at="2024-01-09T13:37:34Z" duration-ms="2" status="PASS">
          <reporter-output>
          </reporter-output>
        </test-method> <!-- test2 -->
        <test-method is-config="true" signature="afterMethod()[pri:0, instance:TestNg_Framework.com_priority.annotation_1@6bbe85a8]" started-at="2024-01-09T13:37:34Z" name="afterMethod" finished-at="2024-01-09T13:37:34Z" duration-ms="0" status="PASS">
          <reporter-output>
          </reporter-output>
        </test-method> <!-- afterMethod -->
        <test-method is-config="true" signature="afterClass()[pri:0, instance:TestNg_Framework.com_priority.annotation_1@6bbe85a8]" started-at="2024-01-09T13:37:34Z" name="afterClass" finished-at="2024-01-09T13:37:34Z" duration-ms="0" status="PASS">
          <reporter-output>
          </reporter-output>
        </test-method> <!-- afterClass -->
        <test-method is-config="true" signature="afterTest()[pri:0, instance:TestNg_Framework.com_priority.annotation_1@6bbe85a8]" started-at="2024-01-09T13:37:34Z" name="afterTest" finished-at="2024-01-09T13:37:34Z" duration-ms="1" status="PASS">
          <reporter-output>
          </reporter-output>
        </test-method> <!-- afterTest -->
        <test-method is-config="true" signature="afterSuite()[pri:0, instance:TestNg_Framework.com_priority.annotation_1@6bbe85a8]" started-at="2024-01-09T13:37:34Z" name="afterSuite" finished-at="2024-01-09T13:37:34Z" duration-ms="1" status="PASS">
          <reporter-output>
          </reporter-output>
        </test-method> <!-- afterSuite -->
      </class> <!-- TestNg_Framework.com_priority.annotation_1 -->
    </test> <!-- Default test -->
  </suite> <!-- Default suite -->
</testng-results>
